I, [2021-10-07T17:08:29.153659 #51551]  INFO -- : Cleared interactions for example ""
I, [2021-10-07T17:08:29.224460 #51551]  INFO -- : Registered expected interaction GET /api/provider?validDateTime=lolz
D, [2021-10-07T17:08:29.224641 #51551] DEBUG -- : {
  "description": "A invalid GET request for Date Validation with invalid date parameter",
  "providerState": "There is data",
  "request": {
    "method": "get",
    "path": "/api/provider",
    "query": "validDateTime=lolz"
  },
  "response": {
    "status": 400,
    "headers": {
      "Content-Type": "application/json; charset=utf-8"
    },
    "body": {
      "message": "validDateTime is not a date or time"
    }
  },
  "metadata": null
}
I, [2021-10-07T17:08:29.228905 #51551]  INFO -- : Received request GET /api/provider?validDateTime=lolz
D, [2021-10-07T17:08:29.228996 #51551] DEBUG -- : {
  "path": "/api/provider",
  "query": "validDateTime=lolz",
  "method": "get",
  "headers": {
    "Host": "localhost:9222",
    "Version": "HTTP/1.1"
  }
}
I, [2021-10-07T17:08:29.229224 #51551]  INFO -- : Found matching response for GET /api/provider?validDateTime=lolz
D, [2021-10-07T17:08:29.229300 #51551] DEBUG -- : {
  "status": 400,
  "headers": {
    "Content-Type": "application/json; charset=utf-8"
  },
  "body": {
    "message": "validDateTime is not a date or time"
  }
}
I, [2021-10-07T17:08:29.241167 #51551]  INFO -- : Writing pact for Provider to ../../../../../pacts/consumer-provider.json
I, [2021-10-07T17:08:29.244485 #51551]  INFO -- : Cleared interactions for example ""
